[0.346s] Invoking command in '/home/akshaj/Desktop/ros-lab-exp/ros-lab/ros2_ws_Akshaj/build/action_tutorials_interfaces': CMAKE_PREFIX_PATH=/opt/ros/humble /usr/bin/cmake --build /home/akshaj/Desktop/ros-lab-exp/ros-lab/ros2_ws_Akshaj/build/action_tutorials_interfaces -- -j12 -l12
[1.805s] -- Found ament_cmake: 1.3.11 (/opt/ros/humble/share/ament_cmake/cmake)
[1.806s] -- Found ament_lint_auto: 0.12.12 (/opt/ros/humble/share/ament_lint_auto/cmake)
[1.806s] -- Found rosidl_default_generators: 1.2.0 (/opt/ros/humble/share/rosidl_default_generators/cmake)
[1.806s] -- Using all available rosidl_typesupport_c: rosidl_typesupport_fastrtps_c;rosidl_typesupport_introspection_c
[1.806s] -- Found rosidl_adapter: 3.1.6 (/opt/ros/humble/share/rosidl_adapter/cmake)
[1.806s] -- Using all available rosidl_typesupport_cpp: rosidl_typesupport_fastrtps_cpp;rosidl_typesupport_introspection_cpp
[1.807s] -- Found ament_cmake_ros: 0.10.0 (/opt/ros/humble/share/ament_cmake_ros/cmake)
[1.807s] -- Using all available rosidl_typesupport_c: rosidl_typesupport_fastrtps_c;rosidl_typesupport_introspection_c
[1.808s] -- Using all available rosidl_typesupport_cpp: rosidl_typesupport_fastrtps_cpp;rosidl_typesupport_introspection_cpp
[1.808s] -- Found python_cmake_module: 0.10.0 (/opt/ros/humble/share/python_cmake_module/cmake)
[1.808s] -- Using PYTHON_EXECUTABLE: /usr/bin/python3
[1.808s] -- Using PYTHON_INCLUDE_DIRS: /usr/include/python3.10
[1.808s] -- Using PYTHON_LIBRARIES: /usr/lib/x86_64-linux-gnu/libpython3.10.so
[1.809s] -- Added test 'lint_cmake' to check CMake code style
[1.809s] -- Added test 'xmllint' to check XML markup files
[1.809s] -- Configuring done
[1.809s] -- Generating done
[1.809s] -- Build files have been written to: /home/akshaj/Desktop/ros-lab-exp/ros-lab/ros2_ws_Akshaj/build/action_tutorials_interfaces
[1.809s] [  2%] [34m[1mGenerating C code for ROS interfaces[0m
[1.809s] [  5%] [34m[1mGenerating C++ code for ROS interfaces[0m
[1.809s] [  5%] Built target ament_cmake_python_copy_action_tutorials_interfaces
[2.164s] running egg_info
[2.189s] writing action_tutorials_interfaces.egg-info/PKG-INFO
[2.189s] writing dependency_links to action_tutorials_interfaces.egg-info/dependency_links.txt
[2.189s] writing top-level names to action_tutorials_interfaces.egg-info/top_level.txt
[2.282s] reading manifest file 'action_tutorials_interfaces.egg-info/SOURCES.txt'
[2.308s] Traceback (most recent call last):
[2.308s]   File "/home/akshaj/Desktop/ros-lab-exp/ros-lab/ros2_ws_Akshaj/build/action_tutorials_interfaces/ament_cmake_python/action_tutorials_interfaces/setup.py", line 4, in <module>
[2.308s]     setup(
[2.308s]   File "/home/akshaj/.local/lib/python3.10/site-packages/setuptools/__init__.py", line 117, in setup
[2.309s]     return distutils.core.setup(**attrs)
[2.309s]   File "/home/akshaj/.local/lib/python3.10/site-packages/setuptools/_distutils/core.py", line 186, in setup
[2.309s]     return run_commands(dist)
[2.309s]   File "/home/akshaj/.local/lib/python3.10/site-packages/setuptools/_distutils/core.py", line 202, in run_commands
[2.309s]     dist.run_commands()
[2.309s]   File "/home/akshaj/.local/lib/python3.10/site-packages/setuptools/_distutils/dist.py", line 1002, in run_commands
[2.309s]     self.run_command(cmd)
[2.309s]   File "/home/akshaj/.local/lib/python3.10/site-packages/setuptools/dist.py", line 1104, in run_command
[2.310s]     super().run_command(command)
[2.310s]   File "/home/akshaj/.local/lib/python3.10/site-packages/setuptools/_distutils/dist.py", line 1021, in run_command
[2.310s]     cmd_obj.run()
[2.310s]   File "/home/akshaj/.local/lib/python3.10/site-packages/setuptools/command/egg_info.py", line 312, in run
[2.310s]     self.find_sources()
[2.310s]   File "/home/akshaj/.local/lib/python3.10/site-packages/setuptools/command/egg_info.py", line 320, in find_sources
[2.311s]     mm.run()
[2.311s]   File "/home/akshaj/.local/lib/python3.10/site-packages/setuptools/command/egg_info.py", line 548, in run
[2.311s]     self.prune_file_list()
[2.311s]   File "/home/akshaj/.local/lib/python3.10/site-packages/setuptools/command/sdist.py", line 162, in prune_file_list
[2.311s]     super().prune_file_list()
[2.311s]   File "/home/akshaj/.local/lib/python3.10/site-packages/setuptools/_distutils/command/sdist.py", line 386, in prune_file_list
[2.311s]     base_dir = self.distribution.get_fullname()
[2.311s]   File "/home/akshaj/.local/lib/python3.10/site-packages/setuptools/_core_metadata.py", line 275, in get_fullname
[2.311s]     return _distribution_fullname(self.get_name(), self.get_version())
[2.312s]   File "/home/akshaj/.local/lib/python3.10/site-packages/setuptools/_core_metadata.py", line 293, in _distribution_fullname
[2.312s]     canonicalize_version(version, strip_trailing_zero=False),
[2.312s] TypeError: canonicalize_version() got an unexpected keyword argument 'strip_trailing_zero'
[2.361s] gmake[2]: *** [CMakeFiles/ament_cmake_python_build_action_tutorials_interfaces_egg.dir/build.make:70: CMakeFiles/ament_cmake_python_build_action_tutorials_interfaces_egg] Error 1
[2.362s] gmake[1]: *** [CMakeFiles/Makefile2:447: CMakeFiles/ament_cmake_python_build_action_tutorials_interfaces_egg.dir/all] Error 2
[2.362s] gmake[1]: *** Waiting for unfinished jobs....
[2.862s] [35m[1mConsolidate compiler generated dependencies of target action_tutorials_interfaces__rosidl_generator_c[0m
[2.887s] [  7%] [32mBuilding C object CMakeFiles/action_tutorials_interfaces__rosidl_generator_c.dir/rosidl_generator_c/action_tutorials_interfaces/action/detail/prime_numbers__functions.c.o[0m
[2.887s] [ 10%] [32mBuilding C object CMakeFiles/action_tutorials_interfaces__rosidl_generator_c.dir/rosidl_generator_c/action_tutorials_interfaces/action/detail/fibonacci__functions.c.o[0m
[2.911s] [ 10%] Built target action_tutorials_interfaces__cpp
[3.039s] [ 12%] [32m[1mLinking C shared library libaction_tutorials_interfaces__rosidl_generator_c.so[0m
[3.086s] [ 12%] Built target action_tutorials_interfaces__rosidl_generator_c
[3.088s] gmake: *** [Makefile:146: all] Error 2
