[35m[1mConsolidate compiler generated dependencies of target experiment_interfaces__rosidl_generator_c[0m
[  3%] Built target experiment_interfaces__cpp
[ 12%] Built target experiment_interfaces__rosidl_generator_c
[35m[1mConsolidate compiler generated dependencies of target experiment_interfaces__rosidl_typesupport_fastrtps_cpp[0m
[35m[1mConsolidate compiler generated dependencies of target experiment_interfaces__rosidl_typesupport_cpp[0m
[35m[1mConsolidate compiler generated dependencies of target experiment_interfaces__rosidl_typesupport_c[0m
[ 12%] Built target ament_cmake_python_copy_experiment_interfaces
[35m[1mConsolidate compiler generated dependencies of target experiment_interfaces__rosidl_typesupport_introspection_c[0m
[35m[1mConsolidate compiler generated dependencies of target experiment_interfaces__rosidl_typesupport_fastrtps_c[0m
[35m[1mConsolidate compiler generated dependencies of target experiment_interfaces__rosidl_typesupport_introspection_cpp[0m
[ 22%] Built target experiment_interfaces__rosidl_typesupport_c
[ 32%] Built target experiment_interfaces__rosidl_typesupport_cpp
[ 41%] Built target experiment_interfaces__rosidl_typesupport_fastrtps_cpp
[ 51%] Built target experiment_interfaces__rosidl_typesupport_introspection_c
[ 61%] Built target experiment_interfaces__rosidl_typesupport_introspection_cpp
[ 70%] Built target experiment_interfaces__rosidl_typesupport_fastrtps_c
[ 70%] Built target experiment_interfaces
[ 74%] [34m[1mGenerating Python code for ROS interfaces[0m
running egg_info
writing experiment_interfaces.egg-info/PKG-INFO
writing dependency_links to experiment_interfaces.egg-info/dependency_links.txt
writing top-level names to experiment_interfaces.egg-info/top_level.txt
reading manifest file 'experiment_interfaces.egg-info/SOURCES.txt'
[ 74%] Built target experiment_interfaces__py
Traceback (most recent call last):
  File "/home/akshaj/Desktop/ros-lab-exp/ros-lab/ros2_ws_Akshaj/build/experiment_interfaces/ament_cmake_python/experiment_interfaces/setup.py", line 4, in <module>
    setup(
  File "/home/akshaj/.local/lib/python3.10/site-packages/setuptools/__init__.py", line 117, in setup
    return distutils.core.setup(**attrs)
  File "/home/akshaj/.local/lib/python3.10/site-packages/setuptools/_distutils/core.py", line 186, in setup
    return run_commands(dist)
  File "/home/akshaj/.local/lib/python3.10/site-packages/setuptools/_distutils/core.py", line 202, in run_commands
    dist.run_commands()
  File "/home/akshaj/.local/lib/python3.10/site-packages/setuptools/_distutils/dist.py", line 1002, in run_commands
    self.run_command(cmd)
  File "/home/akshaj/.local/lib/python3.10/site-packages/setuptools/dist.py", line 1104, in run_command
    super().run_command(command)
  File "/home/akshaj/.local/lib/python3.10/site-packages/setuptools/_distutils/dist.py", line 1021, in run_command
    cmd_obj.run()
  File "/home/akshaj/.local/lib/python3.10/site-packages/setuptools/command/egg_info.py", line 312, in run
    self.find_sources()
  File "/home/akshaj/.local/lib/python3.10/site-packages/setuptools/command/egg_info.py", line 320, in find_sources
    mm.run()
  File "/home/akshaj/.local/lib/python3.10/site-packages/setuptools/command/egg_info.py", line 548, in run
    self.prune_file_list()
  File "/home/akshaj/.local/lib/python3.10/site-packages/setuptools/command/sdist.py", line 162, in prune_file_list
    super().prune_file_list()
  File "/home/akshaj/.local/lib/python3.10/site-packages/setuptools/_distutils/command/sdist.py", line 386, in prune_file_list
    base_dir = self.distribution.get_fullname()
  File "/home/akshaj/.local/lib/python3.10/site-packages/setuptools/_core_metadata.py", line 275, in get_fullname
    return _distribution_fullname(self.get_name(), self.get_version())
  File "/home/akshaj/.local/lib/python3.10/site-packages/setuptools/_core_metadata.py", line 293, in _distribution_fullname
    canonicalize_version(version, strip_trailing_zero=False),
TypeError: canonicalize_version() got an unexpected keyword argument 'strip_trailing_zero'
gmake[2]: *** [CMakeFiles/ament_cmake_python_build_experiment_interfaces_egg.dir/build.make:70: CMakeFiles/ament_cmake_python_build_experiment_interfaces_egg] Error 1
gmake[1]: *** [CMakeFiles/Makefile2:447: CMakeFiles/ament_cmake_python_build_experiment_interfaces_egg.dir/all] Error 2
gmake[1]: *** Waiting for unfinished jobs....
gmake: *** [Makefile:146: all] Error 2
