[1.168s] Invoking command in '/home/akshaj/Desktop/ros-lab-exp/ros-lab/ros2_ws_Akshaj/build/experiment_interfaces': CMAKE_PREFIX_PATH=/opt/ros/humble /usr/bin/cmake --build /home/akshaj/Desktop/ros-lab-exp/ros-lab/ros2_ws_Akshaj/build/experiment_interfaces -- -j12 -l12
[1.786s] -- Found ament_cmake: 1.3.11 (/opt/ros/humble/share/ament_cmake/cmake)
[1.787s] -- Found rosidl_default_generators: 1.2.0 (/opt/ros/humble/share/rosidl_default_generators/cmake)
[1.787s] -- Using all available rosidl_typesupport_c: rosidl_typesupport_fastrtps_c;rosidl_typesupport_introspection_c
[1.788s] -- Found rosidl_adapter: 3.1.6 (/opt/ros/humble/share/rosidl_adapter/cmake)
[1.788s] -- Using all available rosidl_typesupport_cpp: rosidl_typesupport_fastrtps_cpp;rosidl_typesupport_introspection_cpp
[1.788s] -- Found rosidl_default_runtime: 1.2.0 (/opt/ros/humble/share/rosidl_default_runtime/cmake)
[1.788s] -- Found geometry_msgs: 4.8.0 (/opt/ros/humble/share/geometry_msgs/cmake)
[1.832s] -- Found ament_cmake_ros: 0.10.0 (/opt/ros/humble/share/ament_cmake_ros/cmake)
[2.307s] -- Using all available rosidl_typesupport_c: rosidl_typesupport_fastrtps_c;rosidl_typesupport_introspection_c
[2.704s] -- Using all available rosidl_typesupport_cpp: rosidl_typesupport_fastrtps_cpp;rosidl_typesupport_introspection_cpp
[2.743s] -- Found python_cmake_module: 0.10.0 (/opt/ros/humble/share/python_cmake_module/cmake)
[2.782s] -- Using PYTHON_EXECUTABLE: /usr/bin/python3
[2.783s] -- Using PYTHON_INCLUDE_DIRS: /usr/include/python3.10
[2.783s] -- Using PYTHON_LIBRARIES: /usr/lib/x86_64-linux-gnu/libpython3.10.so
[2.841s] -- Found ament_lint_auto: 0.12.12 (/opt/ros/humble/share/ament_lint_auto/cmake)
[2.868s] -- Added test 'flake8' to check Python code syntax and style conventions
[2.868s] -- Added test 'lint_cmake' to check CMake code style
[2.869s] -- Added test 'pep257' to check Python code against some of the docstring style conventions in PEP 257
[2.871s] -- Added test 'xmllint' to check XML markup files
[2.875s] -- Configuring done
[2.944s] -- Generating done
[2.960s] -- Build files have been written to: /home/akshaj/Desktop/ros-lab-exp/ros-lab/ros2_ws_Akshaj/build/experiment_interfaces
[2.992s] [  3%] [34m[1mGenerating C code for ROS interfaces[0m
[3.004s] [  6%] [34m[1mGenerating C++ code for ROS interfaces[0m
[3.019s] [  6%] Built target ament_cmake_python_copy_experiment_interfaces
[3.278s] [35m[1mConsolidate compiler generated dependencies of target experiment_interfaces__rosidl_generator_c[0m
[3.285s] running egg_info
[3.292s] [  9%] [32mBuilding C object CMakeFiles/experiment_interfaces__rosidl_generator_c.dir/rosidl_generator_c/experiment_interfaces/srv/detail/turtle_control__functions.c.o[0m
[3.292s] [  9%] Built target experiment_interfaces__cpp
[3.305s] writing experiment_interfaces.egg-info/PKG-INFO
[3.305s] [ 19%] [34m[1mGenerating C++ type support dispatch for ROS interfaces[0m
[3.305s] [ 19%] [34m[1mGenerating C++ introspection for ROS interfaces[0m
[3.305s] [ 19%] [34m[1mGenerating C++ type support for eProsima Fast-RTPS[0m
[3.305s] writing dependency_links to experiment_interfaces.egg-info/dependency_links.txt
[3.305s] writing top-level names to experiment_interfaces.egg-info/top_level.txt
[3.360s] [ 22%] [32m[1mLinking C shared library libexperiment_interfaces__rosidl_generator_c.so[0m
[3.364s] reading manifest file 'experiment_interfaces.egg-info/SOURCES.txt'
[3.383s] Traceback (most recent call last):
[3.383s]   File "/home/akshaj/Desktop/ros-lab-exp/ros-lab/ros2_ws_Akshaj/build/experiment_interfaces/ament_cmake_python/experiment_interfaces/setup.py", line 4, in <module>
[3.383s]     setup(
[3.383s]   File "/home/akshaj/.local/lib/python3.10/site-packages/setuptools/__init__.py", line 117, in setup
[3.383s]     return distutils.core.setup(**attrs)
[3.383s]   File "/home/akshaj/.local/lib/python3.10/site-packages/setuptools/_distutils/core.py", line 186, in setup
[3.383s]     return run_commands(dist)
[3.383s]   File "/home/akshaj/.local/lib/python3.10/site-packages/setuptools/_distutils/core.py", line 202, in run_commands
[3.384s]     dist.run_commands()
[3.384s]   File "/home/akshaj/.local/lib/python3.10/site-packages/setuptools/_distutils/dist.py", line 1002, in run_commands
[3.384s]     self.run_command(cmd)
[3.384s]   File "/home/akshaj/.local/lib/python3.10/site-packages/setuptools/dist.py", line 1104, in run_command
[3.384s]     super().run_command(command)
[3.384s]   File "/home/akshaj/.local/lib/python3.10/site-packages/setuptools/_distutils/dist.py", line 1021, in run_command
[3.384s]     cmd_obj.run()
[3.384s]   File "/home/akshaj/.local/lib/python3.10/site-packages/setuptools/command/egg_info.py", line 312, in run
[3.384s]     self.find_sources()
[3.384s]   File "/home/akshaj/.local/lib/python3.10/site-packages/setuptools/command/egg_info.py", line 320, in find_sources
[3.384s]     mm.run()
[3.384s]   File "/home/akshaj/.local/lib/python3.10/site-packages/setuptools/command/egg_info.py", line 548, in run
[3.384s]     self.prune_file_list()
[3.384s]   File "/home/akshaj/.local/lib/python3.10/site-packages/setuptools/command/sdist.py", line 162, in prune_file_list
[3.384s]     super().prune_file_list()
[3.385s]   File "/home/akshaj/.local/lib/python3.10/site-packages/setuptools/_distutils/command/sdist.py", line 386, in prune_file_list
[3.385s]     base_dir = self.distribution.get_fullname()
[3.385s]   File "/home/akshaj/.local/lib/python3.10/site-packages/setuptools/_core_metadata.py", line 275, in get_fullname
[3.385s]     return _distribution_fullname(self.get_name(), self.get_version())
[3.385s]   File "/home/akshaj/.local/lib/python3.10/site-packages/setuptools/_core_metadata.py", line 293, in _distribution_fullname
[3.385s]     canonicalize_version(version, strip_trailing_zero=False),
[3.385s] TypeError: canonicalize_version() got an unexpected keyword argument 'strip_trailing_zero'
[3.407s] [ 22%] Built target experiment_interfaces__rosidl_generator_c
[3.415s] gmake[2]: *** [CMakeFiles/ament_cmake_python_build_experiment_interfaces_egg.dir/build.make:70: CMakeFiles/ament_cmake_python_build_experiment_interfaces_egg] Error 1
[3.415s] gmake[1]: *** [CMakeFiles/Makefile2:447: CMakeFiles/ament_cmake_python_build_experiment_interfaces_egg.dir/all] Error 2
[3.415s] gmake[1]: *** Waiting for unfinished jobs....
[3.421s] [ 29%] [34m[1mGenerating C type support dispatch for ROS interfaces[0m
[3.421s] [ 29%] [34m[1mGenerating C introspection for ROS interfaces[0m
[3.421s] [ 32%] [34m[1mGenerating C type support for eProsima Fast-RTPS[0m
[3.542s] [35m[1mConsolidate compiler generated dependencies of target experiment_interfaces__rosidl_typesupport_cpp[0m
[3.563s] [ 35%] [32mBuilding CXX object CMakeFiles/experiment_interfaces__rosidl_typesupport_cpp.dir/rosidl_typesupport_cpp/experiment_interfaces/srv/turtle_control__type_support.cpp.o[0m
[3.566s] [35m[1mConsolidate compiler generated dependencies of target experiment_interfaces__rosidl_typesupport_introspection_cpp[0m
[3.580s] [35m[1mConsolidate compiler generated dependencies of target experiment_interfaces__rosidl_typesupport_fastrtps_cpp[0m
[3.581s] [ 38%] [32mBuilding CXX object CMakeFiles/experiment_interfaces__rosidl_typesupport_introspection_cpp.dir/rosidl_typesupport_introspection_cpp/experiment_interfaces/srv/detail/turtle_control__type_support.cpp.o[0m
[3.598s] [ 41%] [32mBuilding CXX object CMakeFiles/experiment_interfaces__rosidl_typesupport_fastrtps_cpp.dir/rosidl_typesupport_fastrtps_cpp/experiment_interfaces/srv/detail/dds_fastrtps/turtle_control__type_support.cpp.o[0m
[3.654s] [35m[1mConsolidate compiler generated dependencies of target experiment_interfaces__rosidl_typesupport_c[0m
[3.668s] [ 45%] [32mBuilding CXX object CMakeFiles/experiment_interfaces__rosidl_typesupport_c.dir/rosidl_typesupport_c/experiment_interfaces/srv/turtle_control__type_support.cpp.o[0m
[3.694s] [35m[1mConsolidate compiler generated dependencies of target experiment_interfaces__rosidl_typesupport_introspection_c[0m
[3.694s] [35m[1mConsolidate compiler generated dependencies of target experiment_interfaces__rosidl_typesupport_fastrtps_c[0m
[3.709s] [ 48%] [32mBuilding C object CMakeFiles/experiment_interfaces__rosidl_typesupport_introspection_c.dir/rosidl_typesupport_introspection_c/experiment_interfaces/srv/detail/turtle_control__type_support.c.o[0m
[3.709s] [ 51%] [32m[1mLinking CXX shared library libexperiment_interfaces__rosidl_typesupport_c.so[0m
[3.710s] [ 54%] [32mBuilding CXX object CMakeFiles/experiment_interfaces__rosidl_typesupport_fastrtps_c.dir/rosidl_typesupport_fastrtps_c/experiment_interfaces/srv/detail/turtle_control__type_support_c.cpp.o[0m
[3.753s] [ 58%] [32m[1mLinking C shared library libexperiment_interfaces__rosidl_typesupport_introspection_c.so[0m
[3.760s] [ 58%] Built target experiment_interfaces__rosidl_typesupport_c
[3.794s] [ 58%] Built target experiment_interfaces__rosidl_typesupport_introspection_c
[3.883s] [ 61%] [32m[1mLinking CXX shared library libexperiment_interfaces__rosidl_typesupport_cpp.so[0m
[3.935s] [ 61%] Built target experiment_interfaces__rosidl_typesupport_cpp
[4.014s] [ 64%] [32m[1mLinking CXX shared library libexperiment_interfaces__rosidl_typesupport_introspection_cpp.so[0m
[4.065s] [ 67%] [32m[1mLinking CXX shared library libexperiment_interfaces__rosidl_typesupport_fastrtps_cpp.so[0m
[4.090s] [ 67%] Built target experiment_interfaces__rosidl_typesupport_introspection_cpp
[4.103s] [ 70%] [32m[1mLinking CXX shared library libexperiment_interfaces__rosidl_typesupport_fastrtps_c.so[0m
[4.152s] [ 70%] Built target experiment_interfaces__rosidl_typesupport_fastrtps_cpp
[4.191s] [ 70%] Built target experiment_interfaces__rosidl_typesupport_fastrtps_c
[4.193s] gmake: *** [Makefile:146: all] Error 2
